<?xml version="1.0" encoding="UTF-8"?>
<!-- Generated by org.testng.reporters.JUnitXMLReporter -->
<testsuite hostname="Marcelo" ignored="0" name="test1" tests="1" failures="1" timestamp="07 ago 2018 15:46:33 GMT" time="14.103" errors="0">
  <testcase name="tests" time="14.067" classname="NewPackage.Tests">
    <failure type="java.lang.AssertionError" message="expected [null] but found [Search Online-Calculator.com121]">
      <![CDATA[java.lang.AssertionError: expected [null] but found [Search Online-Calculator.com121]
at NewPackage.Tests.tests(Tests.java:17)
... Removed 31 stack frames]]>
    </failure>
  </testcase> <!-- tests -->
</testsuite> <!-- test1 -->
